<html xmlns:math="http://exslt.org/math" xmlns:testng="http://testng.org">
   <head>
      <title>TestNG Results</title>
      <meta http-equiv="content-type" content="text/html; charset=utf-8"></meta>
      <meta http-equiv="pragma" content="no-cache"></meta>
      <meta http-equiv="cache-control" content="max-age=0"></meta>
      <meta http-equiv="cache-control" content="no-cache"></meta>
      <meta http-equiv="cache-control" content="no-store"></meta>
      <LINK rel="stylesheet" href="style.css"></LINK>
      <script type="text/javascript" src="main.js"></script>
   </head>
   <body>
      <table width="100%" style="font-size: 16px; margin-bottom: 10px;" cellspacing="1">
         <tr>
            <td width="100%">
               Test case
               
               <b>TestNotice_02</b>
            </td>
            <td style="background-color: #FFBBBB; padding: 3px 3px 3px 0;" align="center">
               <div style="width: 50px;">1</div>
            </td>
            <td style="background-color: lightgreen; padding: 3px 3px 3px 0;" align="center">
               <div style="width: 50px;">0</div>
            </td>
            <td style="background-color: #FFFFBB; padding: 3px 3px 3px 0;" align="center">
               <div style="width: 50px;">0</div>
            </td>
            <td align="center" style="background-color: #eaf0f7; padding: 3px 3px 3px 0;">
               <div style="width: 50px;">1</div>
            </td>
            <td align="center"
                style="font-weight: bold; background-color: #eaf0f7; padding: 3px 3px 3px 0;">
               <div style="width: 50px;">0%</div>
            </td>
            <td style="background-color: #eaf0f7; padding: 3px 3px 3px 0;" align="center"
                nowrap="true">0 ms
               
            </td>
         </tr>
      </table>
      <div style="width: 200px;">
         <label for="groupMethodsCheckBox" style="font-weight: bold; margin: 0;">
            <input id="groupMethodsCheckBox" type="checkbox" onclick="switchTestMethodsView(this)"
                   checked=""></input>
            Group by class
            
         </label>
         <br></br>
         <label for="methodsFilter_ALL" style="font-weight: bold; margin: 0;">
            <input id="methodsFilter_ALL" type="checkbox"
                   onclick="testMethodsFilterChanged(this, 'ALL')"
                   checked=""></input>
            All
            
         </label>
      </div>
      <label for="methodsFilter_FAIL" style="margin-left: 20px;">
         <input id="methodsFilter_FAIL" type="checkbox"
                onclick="testMethodsFilterChanged(this, 'FAIL')"
                checked=""></input>
         Failed
         
      </label>
      <label for="methodsFilter_PASS">
         <input id="methodsFilter_PASS" type="checkbox"
                onclick="testMethodsFilterChanged(this, 'PASS')"
                checked=""></input>
         Passed
         
      </label>
      <label for="methodsFilter_SKIP">
         <input id="methodsFilter_SKIP" type="checkbox"
                onclick="testMethodsFilterChanged(this, 'SKIP')"
                checked=""></input>
         Skipped
         
      </label>
      <label for="methodsFilter_CONF">
         <input id="methodsFilter_CONF" type="checkbox"
                onclick="testMethodsFilterChanged(this, 'CONF')"
                checked=""></input>
         Config
         
      </label>
      <br></br>
      <div id="testMethodsByStatus" style="display: none;">
         <table class="testMethodsTable" cellpadding="0" cellspacing="0">
            <tr class="methodsTableHeader">
               <td width="100%">Name</td>
               <td nowrap="true">Started</td>
               <td nowrap="true">Duration</td>
               <td>Exception</td>
            </tr>
            <tr id="test.testcases.notice.NoticeTest_testSend_byStatus_failed_FAIL1_row"
                class="testMethodStatusFAIL">
               <td width="100%" class="firstMethodCell">
                  <a onclick="toggleDetailsVisibility('test.testcases.notice.NoticeTest_testSend_byStatus_failed_FAIL1_details')">testSend()</a>
               </td>
               <td nowrap="true">16:28:40</td>
               <td nowrap="true" align="right">0 ms
                  
               </td>
               <td nowrap="true">
                  <a onclick="toggleDetailsVisibility('test.testcases.notice.NoticeTest_testSend_byStatus_failed_FAIL1_exception')">org.testng.TestNGException: 
                     
                     Parameter 'notice_para' is required by @Test on method testSend but has not been marked @Optional or defined
                     in E:\wyj\workspace\DCV3Test\testng.xml
                     
                  </a>
                   
                  
               </td>
            </tr>
            <tr>
               <td colspan="4"
                   style="padding: 0; background-color: white; border-style: none; height: 0px;">
                  <div id="test.testcases.notice.NoticeTest_testSend_byStatus_failed_FAIL1_details"
                       class="testMethodDetails">
                     <div>
                        <b>Name:
                           
                        </b>testSend
                     </div>
                     <div>
                        <b>Signature:
                           
                        </b>testSend(java.lang.String)[pri:0, instance:test.testcases.notice.NoticeTest@1fc2fb]
                     </div>
                     <div>
                        <b>Start time:
                           
                        </b>16:28:40
                     </div>
                     <div>
                        <b>End time:
                           
                        </b>16:28:40
                     </div>
                     <div>
                        <b>Duration:
                           
                        </b>0 ms
                        
                     </div>
                  </div>
               </td>
            </tr>
            <tr>
               <td colspan="4"
                   style="padding: 0; background-color: white; border-style: none; height: 0px;">
                  <div id="test.testcases.notice.NoticeTest_testSend_byStatus_failed_FAIL1_exception"
                       class="testMethodDetails">
                     <pre style="padding: 5px; margin: 0;">org.testng.TestNGException: 
                        Parameter 'notice_para' is required by @Test on method testSend but has not been marked @Optional or defined
                        in E:\wyj\workspace\DCV3Test\testng.xml
                        	at org.testng.internal.Parameters.createParameters(Parameters.java:155)
                        	at org.testng.internal.Parameters.createParameters(Parameters.java:358)
                        	at org.testng.internal.Parameters.handleParameters(Parameters.java:450)
                        	at org.testng.internal.Invoker.handleParameters(Invoker.java:1383)
                        	at org.testng.internal.Invoker.createParameters(Invoker.java:1075)
                        	at org.testng.internal.Invoker.invokeTestMethods(Invoker.java:1180)
                        	at org.testng.internal.TestMethodWorker.invokeTestMethods(TestMethodWorker.java:127)
                        	at org.testng.internal.TestMethodWorker.run(TestMethodWorker.java:111)
                        	at org.testng.TestRunner.privateRun(TestRunner.java:767)
                        	at org.testng.TestRunner.run(TestRunner.java:617)
                        	at org.testng.SuiteRunner.runTest(SuiteRunner.java:334)
                        	at org.testng.SuiteRunner.runSequentially(SuiteRunner.java:329)
                        	at org.testng.SuiteRunner.privateRun(SuiteRunner.java:291)
                        	at org.testng.SuiteRunner.run(SuiteRunner.java:240)
                        	at org.testng.SuiteRunnerWorker.runSuite(SuiteRunnerWorker.java:52)
                        	at org.testng.SuiteRunnerWorker.run(SuiteRunnerWorker.java:86)
                        	at org.testng.TestNG.runSuitesSequentially(TestNG.java:1224)
                        	at org.testng.TestNG.runSuitesLocally(TestNG.java:1149)
                        	at org.testng.TestNG.run(TestNG.java:1057)
                        	at org.testng.TestNG.privateMain(TestNG.java:1364)
                        	at org.testng.TestNG.main(TestNG.java:1333)
                     </pre>
                  </div>
               </td>
            </tr>
            <tr id="test.testcases.notice.NoticeTest_setup_byStatus_failed_FAIL2_row"
                class="testMethodStatusFAIL testMethodStatusCONF">
               <td width="100%" class="firstMethodCell">
                  <a onclick="toggleDetailsVisibility('test.testcases.notice.NoticeTest_setup_byStatus_failed_FAIL2_details')">setup()</a>
               </td>
               <td nowrap="true">16:28:40</td>
               <td nowrap="true" align="right">0 ms
                  
               </td>
               <td nowrap="true">
                  <a onclick="toggleDetailsVisibility('test.testcases.notice.NoticeTest_setup_byStatus_failed_FAIL2_exception')">org.testng.TestNGException: 
                     
                     Parameter 'notice_para' is required by @Configuration on method setup but has not been marked @Optional or defined
                     in E:\wyj\workspace\DCV3Test\testng.xml
                     
                  </a>
                   
                  
               </td>
            </tr>
            <tr>
               <td colspan="4"
                   style="padding: 0; background-color: white; border-style: none; height: 0px;">
                  <div id="test.testcases.notice.NoticeTest_setup_byStatus_failed_FAIL2_details"
                       class="testMethodDetails">
                     <div>
                        <b>Name:
                           
                        </b>setup
                     </div>
                     <div>
                        <b>Signature:
                           
                        </b>setup(java.lang.String, java.lang.String)[pri:0, instance:test.testcases.notice.NoticeTest@1fc2fb]
                     </div>
                     <div>
                        <b>Start time:
                           
                        </b>16:28:40
                     </div>
                     <div>
                        <b>End time:
                           
                        </b>16:28:40
                     </div>
                     <div>
                        <b>Duration:
                           
                        </b>0 ms
                        
                     </div>
                  </div>
               </td>
            </tr>
            <tr>
               <td colspan="4"
                   style="padding: 0; background-color: white; border-style: none; height: 0px;">
                  <div id="test.testcases.notice.NoticeTest_setup_byStatus_failed_FAIL2_exception"
                       class="testMethodDetails">
                     <pre style="padding: 5px; margin: 0;">org.testng.TestNGException: 
                        Parameter 'notice_para' is required by @Configuration on method setup but has not been marked @Optional or defined
                        in E:\wyj\workspace\DCV3Test\testng.xml
                        	at org.testng.internal.Parameters.createParameters(Parameters.java:155)
                        	at org.testng.internal.Parameters.createParameters(Parameters.java:358)
                        	at org.testng.internal.Parameters.createConfigurationParameters(Parameters.java:86)
                        	at org.testng.internal.Invoker.invokeConfigurations(Invoker.java:199)
                        	at org.testng.internal.Invoker.invokeConfigurations(Invoker.java:138)
                        	at org.testng.internal.TestMethodWorker.invokeBeforeClassMethods(TestMethodWorker.java:175)
                        	at org.testng.internal.TestMethodWorker.run(TestMethodWorker.java:107)
                        	at org.testng.TestRunner.privateRun(TestRunner.java:767)
                        	at org.testng.TestRunner.run(TestRunner.java:617)
                        	at org.testng.SuiteRunner.runTest(SuiteRunner.java:334)
                        	at org.testng.SuiteRunner.runSequentially(SuiteRunner.java:329)
                        	at org.testng.SuiteRunner.privateRun(SuiteRunner.java:291)
                        	at org.testng.SuiteRunner.run(SuiteRunner.java:240)
                        	at org.testng.SuiteRunnerWorker.runSuite(SuiteRunnerWorker.java:52)
                        	at org.testng.SuiteRunnerWorker.run(SuiteRunnerWorker.java:86)
                        	at org.testng.TestNG.runSuitesSequentially(TestNG.java:1224)
                        	at org.testng.TestNG.runSuitesLocally(TestNG.java:1149)
                        	at org.testng.TestNG.run(TestNG.java:1057)
                        	at org.testng.TestNG.privateMain(TestNG.java:1364)
                        	at org.testng.TestNG.main(TestNG.java:1333)
                     </pre>
                  </div>
               </td>
            </tr>
            <tr id="test.testcases.notice.NoticeTest_quit_byStatus_skiped_SKIP1_row"
                class="testMethodStatusSKIP testMethodStatusCONF">
               <td width="100%" class="firstMethodCell">
                  <a onclick="toggleDetailsVisibility('test.testcases.notice.NoticeTest_quit_byStatus_skiped_SKIP1_details')">quit()</a>
               </td>
               <td nowrap="true">16:28:40</td>
               <td nowrap="true" align="right">0 ms
                  
               </td>
               <td nowrap="true">
                   
                  
               </td>
            </tr>
            <tr>
               <td colspan="4"
                   style="padding: 0; background-color: white; border-style: none; height: 0px;">
                  <div id="test.testcases.notice.NoticeTest_quit_byStatus_skiped_SKIP1_details"
                       class="testMethodDetails">
                     <div>
                        <b>Name:
                           
                        </b>quit
                     </div>
                     <div>
                        <b>Signature:
                           
                        </b>quit()[pri:0, instance:test.testcases.notice.NoticeTest@1fc2fb]
                     </div>
                     <div>
                        <b>Start time:
                           
                        </b>16:28:40
                     </div>
                     <div>
                        <b>End time:
                           
                        </b>16:28:40
                     </div>
                     <div>
                        <b>Duration:
                           
                        </b>0 ms
                        
                     </div>
                  </div>
               </td>
            </tr>
            <tr></tr>
         </table>
      </div>
      <div id="testMethodsByClass">
         <table class="testMethodsTable" cellpadding="0" cellspacing="0">
            <tr>
               <td colspan="4">
                  <h3 style="display: inline;">test.testcases.notice.NoticeTest</h3>
               </td>
            </tr>
            <tr class="methodsTableHeader">
               <td width="100%">Name</td>
               <td nowrap="true">Started</td>
               <td nowrap="true">Duration</td>
               <td>Exception</td>
            </tr>
            <tr id="test.testcases.notice.NoticeTest_testSend_byClass_FAIL1_row"
                class="testMethodStatusFAIL">
               <td width="100%" class="firstMethodCell">
                  <a onclick="toggleDetailsVisibility('test.testcases.notice.NoticeTest_testSend_byClass_FAIL1_details')">testSend()</a>
               </td>
               <td nowrap="true">16:28:40</td>
               <td nowrap="true" align="right">0 ms
                  
               </td>
               <td nowrap="true">
                  <a onclick="toggleDetailsVisibility('test.testcases.notice.NoticeTest_testSend_byClass_FAIL1_exception')">org.testng.TestNGException: 
                     
                     Parameter 'notice_para' is required by @Test on method testSend but has not been marked @Optional or defined
                     in E:\wyj\workspace\DCV3Test\testng.xml
                     
                  </a>
                   
                  
               </td>
            </tr>
            <tr>
               <td colspan="4"
                   style="padding: 0; background-color: white; border-style: none; height: 0px;">
                  <div id="test.testcases.notice.NoticeTest_testSend_byClass_FAIL1_details"
                       class="testMethodDetails">
                     <div>
                        <b>Name:
                           
                        </b>testSend
                     </div>
                     <div>
                        <b>Signature:
                           
                        </b>testSend(java.lang.String)[pri:0, instance:test.testcases.notice.NoticeTest@1fc2fb]
                     </div>
                     <div>
                        <b>Start time:
                           
                        </b>16:28:40
                     </div>
                     <div>
                        <b>End time:
                           
                        </b>16:28:40
                     </div>
                     <div>
                        <b>Duration:
                           
                        </b>0 ms
                        
                     </div>
                  </div>
               </td>
            </tr>
            <tr>
               <td colspan="4"
                   style="padding: 0; background-color: white; border-style: none; height: 0px;">
                  <div id="test.testcases.notice.NoticeTest_testSend_byClass_FAIL1_exception"
                       class="testMethodDetails">
                     <pre style="padding: 5px; margin: 0;">org.testng.TestNGException: 
                        Parameter 'notice_para' is required by @Test on method testSend but has not been marked @Optional or defined
                        in E:\wyj\workspace\DCV3Test\testng.xml
                        	at org.testng.internal.Parameters.createParameters(Parameters.java:155)
                        	at org.testng.internal.Parameters.createParameters(Parameters.java:358)
                        	at org.testng.internal.Parameters.handleParameters(Parameters.java:450)
                        	at org.testng.internal.Invoker.handleParameters(Invoker.java:1383)
                        	at org.testng.internal.Invoker.createParameters(Invoker.java:1075)
                        	at org.testng.internal.Invoker.invokeTestMethods(Invoker.java:1180)
                        	at org.testng.internal.TestMethodWorker.invokeTestMethods(TestMethodWorker.java:127)
                        	at org.testng.internal.TestMethodWorker.run(TestMethodWorker.java:111)
                        	at org.testng.TestRunner.privateRun(TestRunner.java:767)
                        	at org.testng.TestRunner.run(TestRunner.java:617)
                        	at org.testng.SuiteRunner.runTest(SuiteRunner.java:334)
                        	at org.testng.SuiteRunner.runSequentially(SuiteRunner.java:329)
                        	at org.testng.SuiteRunner.privateRun(SuiteRunner.java:291)
                        	at org.testng.SuiteRunner.run(SuiteRunner.java:240)
                        	at org.testng.SuiteRunnerWorker.runSuite(SuiteRunnerWorker.java:52)
                        	at org.testng.SuiteRunnerWorker.run(SuiteRunnerWorker.java:86)
                        	at org.testng.TestNG.runSuitesSequentially(TestNG.java:1224)
                        	at org.testng.TestNG.runSuitesLocally(TestNG.java:1149)
                        	at org.testng.TestNG.run(TestNG.java:1057)
                        	at org.testng.TestNG.privateMain(TestNG.java:1364)
                        	at org.testng.TestNG.main(TestNG.java:1333)
                     </pre>
                  </div>
               </td>
            </tr>
            <tr id="test.testcases.notice.NoticeTest_setup_byClass_FAIL2_row"
                class="testMethodStatusFAIL testMethodStatusCONF">
               <td width="100%" class="firstMethodCell">
                  <a onclick="toggleDetailsVisibility('test.testcases.notice.NoticeTest_setup_byClass_FAIL2_details')">setup()</a>
               </td>
               <td nowrap="true">16:28:40</td>
               <td nowrap="true" align="right">0 ms
                  
               </td>
               <td nowrap="true">
                  <a onclick="toggleDetailsVisibility('test.testcases.notice.NoticeTest_setup_byClass_FAIL2_exception')">org.testng.TestNGException: 
                     
                     Parameter 'notice_para' is required by @Configuration on method setup but has not been marked @Optional or defined
                     in E:\wyj\workspace\DCV3Test\testng.xml
                     
                  </a>
                   
                  
               </td>
            </tr>
            <tr>
               <td colspan="4"
                   style="padding: 0; background-color: white; border-style: none; height: 0px;">
                  <div id="test.testcases.notice.NoticeTest_setup_byClass_FAIL2_details"
                       class="testMethodDetails">
                     <div>
                        <b>Name:
                           
                        </b>setup
                     </div>
                     <div>
                        <b>Signature:
                           
                        </b>setup(java.lang.String, java.lang.String)[pri:0, instance:test.testcases.notice.NoticeTest@1fc2fb]
                     </div>
                     <div>
                        <b>Start time:
                           
                        </b>16:28:40
                     </div>
                     <div>
                        <b>End time:
                           
                        </b>16:28:40
                     </div>
                     <div>
                        <b>Duration:
                           
                        </b>0 ms
                        
                     </div>
                  </div>
               </td>
            </tr>
            <tr>
               <td colspan="4"
                   style="padding: 0; background-color: white; border-style: none; height: 0px;">
                  <div id="test.testcases.notice.NoticeTest_setup_byClass_FAIL2_exception"
                       class="testMethodDetails">
                     <pre style="padding: 5px; margin: 0;">org.testng.TestNGException: 
                        Parameter 'notice_para' is required by @Configuration on method setup but has not been marked @Optional or defined
                        in E:\wyj\workspace\DCV3Test\testng.xml
                        	at org.testng.internal.Parameters.createParameters(Parameters.java:155)
                        	at org.testng.internal.Parameters.createParameters(Parameters.java:358)
                        	at org.testng.internal.Parameters.createConfigurationParameters(Parameters.java:86)
                        	at org.testng.internal.Invoker.invokeConfigurations(Invoker.java:199)
                        	at org.testng.internal.Invoker.invokeConfigurations(Invoker.java:138)
                        	at org.testng.internal.TestMethodWorker.invokeBeforeClassMethods(TestMethodWorker.java:175)
                        	at org.testng.internal.TestMethodWorker.run(TestMethodWorker.java:107)
                        	at org.testng.TestRunner.privateRun(TestRunner.java:767)
                        	at org.testng.TestRunner.run(TestRunner.java:617)
                        	at org.testng.SuiteRunner.runTest(SuiteRunner.java:334)
                        	at org.testng.SuiteRunner.runSequentially(SuiteRunner.java:329)
                        	at org.testng.SuiteRunner.privateRun(SuiteRunner.java:291)
                        	at org.testng.SuiteRunner.run(SuiteRunner.java:240)
                        	at org.testng.SuiteRunnerWorker.runSuite(SuiteRunnerWorker.java:52)
                        	at org.testng.SuiteRunnerWorker.run(SuiteRunnerWorker.java:86)
                        	at org.testng.TestNG.runSuitesSequentially(TestNG.java:1224)
                        	at org.testng.TestNG.runSuitesLocally(TestNG.java:1149)
                        	at org.testng.TestNG.run(TestNG.java:1057)
                        	at org.testng.TestNG.privateMain(TestNG.java:1364)
                        	at org.testng.TestNG.main(TestNG.java:1333)
                     </pre>
                  </div>
               </td>
            </tr>
            <tr id="test.testcases.notice.NoticeTest_quit_byClass_SKIP3_row"
                class="testMethodStatusSKIP testMethodStatusCONF">
               <td width="100%" class="firstMethodCell">
                  <a onclick="toggleDetailsVisibility('test.testcases.notice.NoticeTest_quit_byClass_SKIP3_details')">quit()</a>
               </td>
               <td nowrap="true">16:28:40</td>
               <td nowrap="true" align="right">0 ms
                  
               </td>
               <td nowrap="true">
                   
                  
               </td>
            </tr>
            <tr>
               <td colspan="4"
                   style="padding: 0; background-color: white; border-style: none; height: 0px;">
                  <div id="test.testcases.notice.NoticeTest_quit_byClass_SKIP3_details"
                       class="testMethodDetails">
                     <div>
                        <b>Name:
                           
                        </b>quit
                     </div>
                     <div>
                        <b>Signature:
                           
                        </b>quit()[pri:0, instance:test.testcases.notice.NoticeTest@1fc2fb]
                     </div>
                     <div>
                        <b>Start time:
                           
                        </b>16:28:40
                     </div>
                     <div>
                        <b>End time:
                           
                        </b>16:28:40
                     </div>
                     <div>
                        <b>Duration:
                           
                        </b>0 ms
                        
                     </div>
                  </div>
               </td>
            </tr>
            <tr></tr>
         </table>
         <br></br>
      </div>
      <div style="margin-top: 15px; color: gray; text-align: center; font-size: 9px;">
         Generated with
         
         <a href="http://code.google.com/p/testng-xslt/" style="color: #8888aa;"
            target="_blank">
            TestNG XSLT
            
         </a>
      </div>
   </body>
</html>