<?xml version="1.0" encoding="UTF-8"?>
<!-- Generated by org.testng.reporters.JUnitXMLReporter -->
<testsuite hostname="lenovo-PC" name="Default test" tests="6" failures="0" timestamp="30 May 2014 01:04:17 GMT" time="0.016" errors="0">
  <testcase name="@BeforeClass setup" time="0.0" classname="test.testcases.notice.NoticeTest">
    <failure type="org.testng.TestNGException" message="
Parameter &amp;apos;notice_para&amp;apos; is required by @Configuration on method setup but has not been marked @Optional or defined
in C:\Users\lenovo\AppData\Local\Temp\testng-eclipse-1030508180\testng-customsuite.xml">
      <![CDATA[org.testng.TestNGException: 
Parameter 'notice_para' is required by @Configuration on method setup but has not been marked @Optional or defined
in C:\Users\lenovo\AppData\Local\Temp\testng-eclipse-1030508180\testng-customsuite.xml
	at org.testng.internal.Parameters.createParameters(Parameters.java:155)
	at org.testng.internal.Parameters.createParameters(Parameters.java:358)
	at org.testng.internal.Parameters.createConfigurationParameters(Parameters.java:86)
	at org.testng.internal.Invoker.invokeConfigurations(Invoker.java:199)
	at org.testng.internal.Invoker.invokeConfigurations(Invoker.java:138)
	at org.testng.internal.TestMethodWorker.invokeBeforeClassMethods(TestMethodWorker.java:175)
	at org.testng.internal.TestMethodWorker.run(TestMethodWorker.java:107)
	at org.testng.TestRunner.privateRun(TestRunner.java:767)
	at org.testng.TestRunner.run(TestRunner.java:617)
	at org.testng.SuiteRunner.runTest(SuiteRunner.java:334)
	at org.testng.SuiteRunner.runSequentially(SuiteRunner.java:329)
	at org.testng.SuiteRunner.privateRun(SuiteRunner.java:291)
	at org.testng.SuiteRunner.run(SuiteRunner.java:240)
	at org.testng.SuiteRunnerWorker.runSuite(SuiteRunnerWorker.java:52)
	at org.testng.SuiteRunnerWorker.run(SuiteRunnerWorker.java:86)
	at org.testng.TestNG.runSuitesSequentially(TestNG.java:1224)
	at org.testng.TestNG.runSuitesLocally(TestNG.java:1149)
	at org.testng.TestNG.run(TestNG.java:1057)
	at org.testng.remote.RemoteTestNG.run(RemoteTestNG.java:111)
	at org.testng.remote.RemoteTestNG.initAndRun(RemoteTestNG.java:204)
	at org.testng.remote.RemoteTestNG.main(RemoteTestNG.java:175)
]]>
    </failure>
  </testcase> <!-- @BeforeClass setup -->
  <testcase name="@AfterClass quit" time="0.0" classname="test.testcases.notice.NoticeTest">
    <skipped/>
  </testcase> <!-- @AfterClass quit -->
  <testcase name="testDelete" time="0.0" classname="test.testcases.notice.NoticeTest">
    <skipped/>
  </testcase> <!-- testDelete -->
  <testcase name="testEdit" time="0.0" classname="test.testcases.notice.NoticeTest">
    <skipped/>
  </testcase> <!-- testEdit -->
  <testcase name="testSend" time="0.0" classname="test.testcases.notice.NoticeTest">
    <skipped/>
  </testcase> <!-- testSend -->
  <testcase name="testStatic" time="0.0" classname="test.testcases.notice.NoticeTest">
    <skipped/>
  </testcase> <!-- testStatic -->
  <testcase name="testReceive" time="0.0" classname="test.testcases.notice.NoticeTest">
    <skipped/>
  </testcase> <!-- testReceive -->
  <testcase name="testReceiveTip" time="0.0" classname="test.testcases.notice.NoticeTest">
    <skipped/>
  </testcase> <!-- testReceiveTip -->
</testsuite> <!-- Default test -->
