<?xml version="1.0" encoding="UTF-8"?>
<testsuite name="TestNotice_02"
           tests="3"
           failures="2"
           errors="0"
           skipped="1"
           time="0.000">
  <properties />
            <testcase name="setup" time="0.000" classname="test.testcases.notice.NoticeTest">
                <failure type="org.testng.TestNGException"
                  message="
Parameter &apos;notice_para&apos; is required by @Configuration on method setup but has not been marked @Optional or defined
in E:\wyj\workspace\DCV3Test\testng.xml"
              >
<![CDATA[org.testng.TestNGException: 
Parameter 'notice_para' is required by @Configuration on method setup but has not been marked @Optional or defined
in E:\wyj\workspace\DCV3Test\testng.xml
  org.testng.internal.Parameters.createParameters(Parameters.java:155)
  org.testng.internal.Parameters.createParameters(Parameters.java:358)
  org.testng.internal.Parameters.createConfigurationParameters(Parameters.java:86)
  org.testng.internal.Invoker.invokeConfigurations(Invoker.java:199)
  org.testng.internal.Invoker.invokeConfigurations(Invoker.java:138)
  org.testng.internal.TestMethodWorker.invokeBeforeClassMethods(TestMethodWorker.java:175)
  org.testng.internal.TestMethodWorker.run(TestMethodWorker.java:107)
  org.testng.TestRunner.privateRun(TestRunner.java:767)
  org.testng.TestRunner.run(TestRunner.java:617)
  org.testng.SuiteRunner.runTest(SuiteRunner.java:334)
  org.testng.SuiteRunner.runSequentially(SuiteRunner.java:329)
  org.testng.SuiteRunner.privateRun(SuiteRunner.java:291)
  org.testng.SuiteRunner.run(SuiteRunner.java:240)
  org.testng.SuiteRunnerWorker.runSuite(SuiteRunnerWorker.java:52)
  org.testng.SuiteRunnerWorker.run(SuiteRunnerWorker.java:86)
  org.testng.TestNG.runSuitesSequentially(TestNG.java:1224)
  org.testng.TestNG.runSuitesLocally(TestNG.java:1149)
  org.testng.TestNG.run(TestNG.java:1057)
  org.testng.TestNG.privateMain(TestNG.java:1364)
  org.testng.TestNG.main(TestNG.java:1333)
]]>
      </failure>

          </testcase>
            <testcase name="testSend" time="0.000" classname="test.testcases.notice.NoticeTest">
                <failure type="org.testng.TestNGException"
                  message="
Parameter &apos;notice_para&apos; is required by @Test on method testSend but has not been marked @Optional or defined
in E:\wyj\workspace\DCV3Test\testng.xml"
              >
<![CDATA[org.testng.TestNGException: 
Parameter 'notice_para' is required by @Test on method testSend but has not been marked @Optional or defined
in E:\wyj\workspace\DCV3Test\testng.xml
  org.testng.internal.Parameters.createParameters(Parameters.java:155)
  org.testng.internal.Parameters.createParameters(Parameters.java:358)
  org.testng.internal.Parameters.handleParameters(Parameters.java:450)
  org.testng.internal.Invoker.handleParameters(Invoker.java:1383)
  org.testng.internal.Invoker.createParameters(Invoker.java:1075)
  org.testng.internal.Invoker.invokeTestMethods(Invoker.java:1180)
  org.testng.internal.TestMethodWorker.invokeTestMethods(TestMethodWorker.java:127)
  org.testng.internal.TestMethodWorker.run(TestMethodWorker.java:111)
  org.testng.TestRunner.privateRun(TestRunner.java:767)
  org.testng.TestRunner.run(TestRunner.java:617)
  org.testng.SuiteRunner.runTest(SuiteRunner.java:334)
  org.testng.SuiteRunner.runSequentially(SuiteRunner.java:329)
  org.testng.SuiteRunner.privateRun(SuiteRunner.java:291)
  org.testng.SuiteRunner.run(SuiteRunner.java:240)
  org.testng.SuiteRunnerWorker.runSuite(SuiteRunnerWorker.java:52)
  org.testng.SuiteRunnerWorker.run(SuiteRunnerWorker.java:86)
  org.testng.TestNG.runSuitesSequentially(TestNG.java:1224)
  org.testng.TestNG.runSuitesLocally(TestNG.java:1149)
  org.testng.TestNG.run(TestNG.java:1057)
  org.testng.TestNG.privateMain(TestNG.java:1364)
  org.testng.TestNG.main(TestNG.java:1333)
]]>
      </failure>

          </testcase>
  
            <testcase name="quit" time="0.0" classname="test.testcases.notice.NoticeTest">
          <skipped />
    </testcase>
  
  
</testsuite>
